<?xml version="1.0" encoding="UTF-8"?>
<!-- Generated by org.testng.reporters.JUnitXMLReporter -->
<testsuite ignored="3" hostname="mienpc" failures="0" tests="1" name="Default test" time="38.457" errors="0" timestamp="2024-02-19T19:59:35 ICT">
  <testcase classname="test.Day12_Checkbox_Dropdowlist_Radio" name="doPracticeRadio" time="13.548"/>
  <testcase classname="test.Day12_Checkbox_Dropdowlist_Radio" name="doPracticeDropdownlist" time="0.0">
    <ignored/>
  </testcase> <!-- doPracticeDropdownlist -->
  <testcase classname="test.Day12_Checkbox_Dropdowlist_Radio" name="doPracticeSelectDropdownlist" time="0.0">
    <ignored/>
  </testcase> <!-- doPracticeSelectDropdownlist -->
  <testcase classname="test.Day12_Checkbox_Dropdowlist_Radio" name="doPracticeCheckbox" time="0.0">
    <ignored/>
  </testcase> <!-- doPracticeCheckbox -->
</testsuite> <!-- Default test -->
