<?xml version="1.0" encoding="UTF-8"?>
<!-- Generated by org.testng.reporters.JUnitXMLReporter -->
<testsuite ignored="0" hostname="mienpc" failures="0" tests="7" name="Regression Test All class on edge" time="82.06" errors="0" timestamp="2024-02-19T20:18:11 ICT">
  <testcase classname="test.Day12_Checkbox_Dropdowlist_Radio" name="doPracticeCheckbox" time="17.849"/>
  <testcase classname="test.Day12_Checkbox_Dropdowlist_Radio" name="doPracticeDropdownlist" time="13.787"/>
  <testcase classname="test.Day12_Checkbox_Dropdowlist_Radio" name="doPracticeRadio" time="12.315"/>
  <testcase classname="test.Day12_Checkbox_Dropdowlist_Radio" name="doPracticeSelectDropdownlist" time="15.391"/>
  <testcase classname="test.Bai14PageFactory" name="TC01_LoginSuccess" time="6.499"/>
  <testcase classname="test.Bai14PageFactory" name="TC02_LoginFailed_IncorrectPassword" time="0.004"/>
  <testcase classname="test.Bai14PageFactory" name="TC03_LoginFailed_IncorrectUser" time="0.003"/>
</testsuite> <!-- Regression Test All class on edge -->
