<?xml version="1.0" encoding="UTF-8"?>
<!-- Generated by org.testng.reporters.JUnitXMLReporter -->
<testsuite ignored="0" hostname="mienpc" failures="0" tests="3" name="Regression Test Page Factory class on firefox" time="21.125" errors="0" timestamp="2024-02-19T20:16:49 ICT">
  <testcase classname="test.Bai14PageFactory" name="TC01_LoginSuccess" time="4.79"/>
  <testcase classname="test.Bai14PageFactory" name="TC02_LoginFailed_IncorrectPassword" time="0.0"/>
  <testcase classname="test.Bai14PageFactory" name="TC03_LoginFailed_IncorrectUser" time="0.007"/>
</testsuite> <!-- Regression Test Page Factory class on firefox -->
