<?xml version="1.0" encoding="UTF-8"?>
<!-- Generated by org.testng.reporters.JUnitXMLReporter -->
<testsuite ignored="0" hostname="mienpc" failures="0" tests="4" name="Regression Test All class on chrome" time="65.969" errors="0" timestamp="2024-02-19T20:10:54 ICT">
  <testcase classname="test.Day12_Checkbox_Dropdowlist_Radio" name="doPracticeCheckbox" time="17.069"/>
  <testcase classname="test.Day12_Checkbox_Dropdowlist_Radio" name="doPracticeDropdownlist" time="13.724"/>
  <testcase classname="test.Day12_Checkbox_Dropdowlist_Radio" name="doPracticeRadio" time="11.2"/>
  <testcase classname="test.Day12_Checkbox_Dropdowlist_Radio" name="doPracticeSelectDropdownlist" time="15.196"/>
</testsuite> <!-- Regression Test All class on chrome -->
